<?xml version="1.0" encoding="UTF-8"?>
<testsuite xmlns:xsi="http://www.w3.org/2001/XMLSchema-instance" xsi:noNamespaceSchemaLocation="https://maven.apache.org/surefire/maven-surefire-plugin/xsd/surefire-test-report-3.0.xsd" version="3.0" name="frontend.TestHomePage" time="0.611" tests="1" errors="0" skipped="0" failures="0">
  <properties>
[...]
</properties>
  <testcase name="homepageRendersSuccessfully" classname="frontend.TestHomePage" time="0.575">
    <system-err><![CDATA[[main] INFO org.apache.wicket.Application - [WicketTesterApplication-704d4651-3a4f-4d26-80a2-1729c7adee45] init: Wicket core library initializer
]]></system-err>
  </testcase>
</testsuite>